MoodTracker/proguard/mapping.txt
org.joda.time.format.PeriodFormatterBuilder$Composite -> org.b.a.e.aa:
    org.joda.time.format.PeriodPrinter[] iPrinters -> a
    org.joda.time.format.PeriodParser[] iParsers -> b
    void decompose(java.util.List,java.util.List,java.util.List) -> a
    void addArrayToList(java.util.List,java.lang.Object[]) -> a
org.joda.time.format.PeriodFormatterBuilder$CompositeAffix -> org.b.a.e.ab:
    org.joda.time.format.PeriodFormatterBuilder$PeriodFieldAffix iLeft -> a
    org.joda.time.format.PeriodFormatterBuilder$PeriodFieldAffix iRight -> b
org.joda.time.format.PeriodFormatterBuilder$FieldFormatter -> org.b.a.e.ac:
    int iMinPrintedDigits -> a
    int iPrintZeroSetting -> b
    int iMaxParsedDigits -> c
    boolean iRejectSignedValues -> d
    int iFieldType -> e
    org.joda.time.format.PeriodFormatterBuilder$FieldFormatter[] iFieldFormatters -> f
    org.joda.time.format.PeriodFormatterBuilder$PeriodFieldAffix iPrefix -> g
    org.joda.time.format.PeriodFormatterBuilder$PeriodFieldAffix iSuffix -> h
    int getFieldType() -> a
org.joda.time.format.PeriodFormatterBuilder$Literal -> org.b.a.e.ad:
    org.joda.time.format.PeriodFormatterBuilder$Literal EMPTY -> a
    java.lang.String iText -> b
org.joda.time.format.PeriodFormatterBuilder$PeriodFieldAffix -> org.b.a.e.ae:
org.joda.time.format.PeriodFormatterBuilder$Separator -> org.b.a.e.af:
    java.lang.String iText -> a
    java.lang.String iFinalText -> b
    java.lang.String[] iParsedForms -> c
    boolean iUseBefore -> d
    boolean iUseAfter -> e
    org.joda.time.format.PeriodPrinter iBeforePrinter -> f
    org.joda.time.format.PeriodPrinter iAfterPrinter -> g
    org.joda.time.format.PeriodParser iBeforeParser -> h
    org.joda.time.format.PeriodParser iAfterParser -> i
    org.joda.time.format.PeriodFormatterBuilder$Separator finish(org.joda.time.format.PeriodPrinter,org.joda.time.format.PeriodParser) -> a
    org.joda.time.format.PeriodParser access$000(org.joda.time.format.PeriodFormatterBuilder$Separator) -> a
    org.joda.time.format.PeriodPrinter access$100(org.joda.time.format.PeriodFormatterBuilder$Separator) -> b
org.joda.time.format.PeriodFormatterBuilder$SimpleAffix -> org.b.a.e.ag:
    java.lang.String iText -> a
org.joda.time.format.PeriodParser -> org.b.a.e.ah:
org.joda.time.format.PeriodPrinter -> org.b.a.e.ai:
org.joda.time.tz.CachedDateTimeZone -> org.b.a.f.a:
    int cInfoCacheMask -> b
    org.joda.time.DateTimeZone iZone -> c
    org.joda.time.tz.CachedDateTimeZone$Info[] iInfoCache -> d
    org.joda.time.tz.CachedDateTimeZone forZone(org.joda.time.DateTimeZone) -> a
    java.lang.String getNameKey(long) -> a
    int getOffset(long) -> b
    boolean isFixed() -> d
    long nextTransition(long) -> e
    long previousTransition(long) -> f
    int hashCode() -> hashCode
    boolean equals(java.lang.Object) -> equals
    org.joda.time.tz.CachedDateTimeZone$Info getInfo(long) -> g
org.joda.time.tz.CachedDateTimeZone$Info -> org.b.a.f.b:
    long iPeriodStart -> a
    org.joda.time.DateTimeZone iZoneRef -> b
    org.joda.time.tz.CachedDateTimeZone$Info iNextInfo -> c
    java.lang.String iNameKey -> d
    int iOffset -> e
    int iStandardOffset -> f
    java.lang.String getNameKey(long) -> a
    int getOffset(long) -> b
org.joda.time.tz.DateTimeZoneBuilder -> org.b.a.f.c:
    org.joda.time.DateTimeZone readFrom(java.io.DataInput,java.lang.String) -> a
    long readMillis(java.io.DataInput) -> a
org.joda.time.tz.DateTimeZoneBuilder$DSTZone -> org.b.a.f.d:
    int iStandardOffset -> b
    org.joda.time.tz.DateTimeZoneBuilder$Recurrence iStartRecurrence -> c
    org.joda.time.tz.DateTimeZoneBuilder$Recurrence iEndRecurrence -> d
    java.lang.String getNameKey(long) -> a
    int getOffset(long) -> b
    boolean isFixed() -> d
    long nextTransition(long) -> e
    long previousTransition(long) -> f
    boolean equals(java.lang.Object) -> equals
    org.joda.time.tz.DateTimeZoneBuilder$Recurrence findMatchingRecurrence(long) -> g