MoodTracker/proguard/usage.txt
org.joda.time.format.PeriodFormatterBuilder$FieldFormatter:
    1079:1085:public int countFieldsToPrint(org.joda.time.ReadablePeriod,int,java.util.Locale)
    1089:1117:public int calculatePrintedLength(org.joda.time.ReadablePeriod,java.util.Locale)
    1121:1149:public void printTo(java.lang.StringBuffer,org.joda.time.ReadablePeriod,java.util.Locale)
    1152:1180:public void printTo(java.io.Writer,org.joda.time.ReadablePeriod,java.util.Locale)
    1186:1341:public int parseInto(org.joda.time.ReadWritablePeriod,java.lang.String,int,java.util.Locale)
    1351:1374:private int parseInt(java.lang.String,int,int)
    1382:1460:long getFieldValue(org.joda.time.ReadablePeriod)
    1464:1469:boolean isZero(org.joda.time.ReadablePeriod)
    1473:1494:boolean isSupported(org.joda.time.PeriodType,int)
    1500:1528:void setFieldValue(org.joda.time.ReadWritablePeriod,int,int)
org.joda.time.format.PeriodFormatterBuilder$Literal:
    1549:1549:public int countFieldsToPrint(org.joda.time.ReadablePeriod,int,java.util.Locale)
    1553:1553:public int calculatePrintedLength(org.joda.time.ReadablePeriod,java.util.Locale)
    1557:1558:public void printTo(java.lang.StringBuffer,org.joda.time.ReadablePeriod,java.util.Locale)
    1561:1562:public void printTo(java.io.Writer,org.joda.time.ReadablePeriod,java.util.Locale)
    1567:1570:public int parseInto(org.joda.time.ReadWritablePeriod,java.lang.String,int,java.util.Locale)
org.joda.time.format.PeriodFormatterBuilder$PeriodFieldAffix:
    public abstract int calculatePrintedLength(int)
    public abstract void printTo(java.lang.StringBuffer,int)
    public abstract void printTo(java.io.Writer,int)
    public abstract int parse(java.lang.String,int)
    public abstract int scan(java.lang.String,int)
org.joda.time.format.PeriodFormatterBuilder$PluralAffix
org.joda.time.format.PeriodFormatterBuilder$Separator:
    1625:1629:public int countFieldsToPrint(org.joda.time.ReadablePeriod,int,java.util.Locale)
    1633:1654:public int calculatePrintedLength(org.joda.time.ReadablePeriod,java.util.Locale)
    1658:1677:public void printTo(java.lang.StringBuffer,org.joda.time.ReadablePeriod,java.util.Locale)
    1680:1699:public void printTo(java.io.Writer,org.joda.time.ReadablePeriod,java.util.Locale)
    1704:1746:public int parseInto(org.joda.time.ReadWritablePeriod,java.lang.String,int,java.util.Locale)
org.joda.time.format.PeriodFormatterBuilder$SimpleAffix:
    864:864:public int calculatePrintedLength(int)
    868:869:public void printTo(java.lang.StringBuffer,int)
    872:873:public void printTo(java.io.Writer,int)
    876:881:public int parse(java.lang.String,int)
    885:903:public int scan(java.lang.String,int)
org.joda.time.format.PeriodParser:
    public abstract int parseInto(org.joda.time.ReadWritablePeriod,java.lang.String,int,java.util.Locale)
org.joda.time.format.PeriodPrinter:
    public abstract int calculatePrintedLength(org.joda.time.ReadablePeriod,java.util.Locale)
    public abstract int countFieldsToPrint(org.joda.time.ReadablePeriod,int,java.util.Locale)
    public abstract void printTo(java.lang.StringBuffer,org.joda.time.ReadablePeriod,java.util.Locale)
    public abstract void printTo(java.io.Writer,org.joda.time.ReadablePeriod,java.util.Locale)
org.joda.time.tz.CachedDateTimeZone:
    private static final long serialVersionUID
    95:95:public org.joda.time.DateTimeZone getUncachedZone()
    107:107:public int getStandardOffset(long)
org.joda.time.tz.CachedDateTimeZone$Info:
    206:212:public int getStandardOffset(long)